TPOSE SEQ NOF2 /tmp/RtmpY0ffS5/cspadecf94690c123.data 0.010000 4 1 1 F1stats = [ 37 0 0 0.000107 ] 0.000104 0.000072 0.001681
CONF 4 38 2.97222 27
MINSUPPORT 1 4
MINMAX 1 4
1 SUPP 3
2 SUPP 3
3 SUPP 3
4 SUPP 3
5 SUPP 2
6 SUPP 1
7 SUPP 3
8 SUPP 3
9 SUPP 2
10 SUPP 2
11 SUPP 3
12 SUPP 3
13 SUPP 1
14 SUPP 1
15 SUPP 1
16 SUPP 1
17 SUPP 1
18 SUPP 3
19 SUPP 2
20 SUPP 1
21 SUPP 2
22 SUPP 3
23 SUPP 3
24 SUPP 3
25 SUPP 3
26 SUPP 3
27 SUPP 1
28 SUPP 3
29 SUPP 3
30 SUPP 3
31 SUPP 3
32 SUPP 3
33 SUPP 2
34 SUPP 3
35 SUPP 3
36 SUPP 3
37 SUPP 3
numfreq 37 :  0.00010705 SUMSUP SUMDIFF = 0 0
EXTRARYSZ 266572
OPENED /tmp/RtmpY0ffS5/cspadecf94690c123.idx
OFF 38 642
Wrote Offt 7.20024e-05
BOUNDS 1 5
WROTE INVERT 0.000103951
Total elapsed time 0.00168109
TPOSE SEQ NOF2 /tmp/RtmpFa2dqQ/cspadebd9360ae21f.data 0.200000 53 11 1 F1stats = [ 50 0 0 0.000249 ] 0.000351 0.000055 0.003781
CONF 53 76 5.1632 61.7358
MINSUPPORT 11 53
MINMAX 1 53
1 SUPP 13
5 SUPP 13
6 SUPP 13
7 SUPP 13
23 SUPP 13
25 SUPP 13
27 SUPP 22
28 SUPP 19
29 SUPP 26
30 SUPP 26
31 SUPP 13
32 SUPP 13
33 SUPP 26
34 SUPP 20
35 SUPP 35
36 SUPP 26
37 SUPP 26
38 SUPP 13
39 SUPP 13
40 SUPP 26
41 SUPP 22
42 SUPP 35
43 SUPP 26
44 SUPP 26
45 SUPP 35
46 SUPP 13
47 SUPP 13
48 SUPP 26
49 SUPP 16
50 SUPP 13
51 SUPP 13
52 SUPP 13
53 SUPP 13
54 SUPP 13
55 SUPP 14
56 SUPP 15
57 SUPP 19
58 SUPP 25
59 SUPP 25
60 SUPP 24
61 SUPP 25
63 SUPP 20
65 SUPP 14
66 SUPP 25
67 SUPP 25
68 SUPP 25
69 SUPP 25
70 SUPP 25
73 SUPP 26
75 SUPP 13
numfreq 50 :  0.000249147 SUMSUP SUMDIFF = 0 0
EXTRARYSZ 197263
OPENED /tmp/RtmpFa2dqQ/cspadebd9360ae21f.idx
OFF 76 32736
Wrote Offt 5.48363e-05
BOUNDS 1 54
WROTE INVERT 0.000350952
Total elapsed time 0.00378108
SPADE /tmp/RtmpFa2dqQ/cspadebd9360ae21f.tpose 0.200000 11 619312459 0.235822 0 0 0 0 0 1 1 7 2 : 50 1259 14143 91207 392423 1238894 3046347 5714333 9157137 12260950 13431329 11700233 7628381 3107785 0 : 0.000634 0.003997 1140.197606 1140.202916
